Performing C++ SOURCE FILE Test CXX17_BUILTIN failed with the following output:
Change Dir: /home/me/myseeder/build/CMakeFiles/CMakeTmp

Run Build Command(s):/usr/bin/make cmTC_d89c1/fast && /usr/bin/make -f CMakeFiles/cmTC_d89c1.dir/build.make CMakeFiles/cmTC_d89c1.dir/build
make[1]: Entering directory '/home/me/myseeder/build/CMakeFiles/CMakeTmp'
Building CXX object CMakeFiles/cmTC_d89c1.dir/src.cxx.o
/usr/bin/c++   -I/home/me/myseeder/seqan3/include -I/home/me/myseeder/seqan3/submodules/sdsl-lite/include -I/home/me/myseeder/seqan3/submodules/range-v3/include -I/home/me/myseeder/seqan3/submodules/cereal/include  -DCXX17_BUILTIN   -o CMakeFiles/cmTC_d89c1.dir/src.cxx.o -c /home/me/myseeder/build/CMakeFiles/CMakeTmp/src.cxx
/home/me/myseeder/build/CMakeFiles/CMakeTmp/src.cxx:2:6: error: #error NOCXX17
    2 |     #error NOCXX17
      |      ^~~~~
make[1]: *** [CMakeFiles/cmTC_d89c1.dir/build.make:83: CMakeFiles/cmTC_d89c1.dir/src.cxx.o] Error 1
make[1]: Leaving directory '/home/me/myseeder/build/CMakeFiles/CMakeTmp'
make: *** [Makefile:138: cmTC_d89c1/fast] Error 2


Source file was:
#if !defined (__cplusplus) || (__cplusplus < 201703L)
    #error NOCXX17
    #endif
    int main() {}
Performing C++ SOURCE FILE Test CONCEPTS_BUILTIN failed with the following output:
Change Dir: /home/me/myseeder/build/CMakeFiles/CMakeTmp

Run Build Command(s):/usr/bin/make cmTC_1a1eb/fast && /usr/bin/make -f CMakeFiles/cmTC_1a1eb.dir/build.make CMakeFiles/cmTC_1a1eb.dir/build
make[1]: Entering directory '/home/me/myseeder/build/CMakeFiles/CMakeTmp'
Building CXX object CMakeFiles/cmTC_1a1eb.dir/src.cxx.o
/usr/bin/c++   -I/home/me/myseeder/seqan3/include -I/home/me/myseeder/seqan3/submodules/sdsl-lite/include -I/home/me/myseeder/seqan3/submodules/range-v3/include -I/home/me/myseeder/seqan3/submodules/cereal/include  -DCONCEPTS_BUILTIN  -std=c++17   -o CMakeFiles/cmTC_1a1eb.dir/src.cxx.o -c /home/me/myseeder/build/CMakeFiles/CMakeTmp/src.cxx
/home/me/myseeder/build/CMakeFiles/CMakeTmp/src.cxx:1:16: error: ‘__cpp_concepts’ was not declared in this scope
    1 | static_assert (__cpp_concepts >= 201507);
      |                ^~~~~~~~~~~~~~
make[1]: *** [CMakeFiles/cmTC_1a1eb.dir/build.make:83: CMakeFiles/cmTC_1a1eb.dir/src.cxx.o] Error 1
make[1]: Leaving directory '/home/me/myseeder/build/CMakeFiles/CMakeTmp'
make: *** [Makefile:138: cmTC_1a1eb/fast] Error 2


Source file was:
static_assert (__cpp_concepts >= 201507);
    int main() {}
Performing C++ SOURCE FILE Test CONCEPTS_FLAG-std=c++20 failed with the following output:
Change Dir: /home/me/myseeder/build/CMakeFiles/CMakeTmp

Run Build Command(s):/usr/bin/make cmTC_f49a6/fast && /usr/bin/make -f CMakeFiles/cmTC_f49a6.dir/build.make CMakeFiles/cmTC_f49a6.dir/build
make[1]: Entering directory '/home/me/myseeder/build/CMakeFiles/CMakeTmp'
Building CXX object CMakeFiles/cmTC_f49a6.dir/src.cxx.o
/usr/bin/c++   -I/home/me/myseeder/seqan3/include -I/home/me/myseeder/seqan3/submodules/sdsl-lite/include -I/home/me/myseeder/seqan3/submodules/range-v3/include -I/home/me/myseeder/seqan3/submodules/cereal/include  -DCONCEPTS_FLAG-std=c++20  -std=c++17 -std=c++20   -o CMakeFiles/cmTC_f49a6.dir/src.cxx.o -c /home/me/myseeder/build/CMakeFiles/CMakeTmp/src.cxx
c++: error: unrecognized command line option ‘-std=c++20’; did you mean ‘-std=c++2a’?
make[1]: *** [CMakeFiles/cmTC_f49a6.dir/build.make:83: CMakeFiles/cmTC_f49a6.dir/src.cxx.o] Error 1
make[1]: Leaving directory '/home/me/myseeder/build/CMakeFiles/CMakeTmp'
make: *** [Makefile:138: cmTC_f49a6/fast] Error 2


Source file was:
static_assert (__cpp_concepts >= 201507);
    int main() {}
Performing C++ SOURCE FILE Test CONCEPTS_FLAG-std=c++2a failed with the following output:
Change Dir: /home/me/myseeder/build/CMakeFiles/CMakeTmp

Run Build Command(s):/usr/bin/make cmTC_2d3a6/fast && /usr/bin/make -f CMakeFiles/cmTC_2d3a6.dir/build.make CMakeFiles/cmTC_2d3a6.dir/build
make[1]: Entering directory '/home/me/myseeder/build/CMakeFiles/CMakeTmp'
Building CXX object CMakeFiles/cmTC_2d3a6.dir/src.cxx.o
/usr/bin/c++   -I/home/me/myseeder/seqan3/include -I/home/me/myseeder/seqan3/submodules/sdsl-lite/include -I/home/me/myseeder/seqan3/submodules/range-v3/include -I/home/me/myseeder/seqan3/submodules/cereal/include  -DCONCEPTS_FLAG-std=c++2a  -std=c++17 -std=c++2a   -o CMakeFiles/cmTC_2d3a6.dir/src.cxx.o -c /home/me/myseeder/build/CMakeFiles/CMakeTmp/src.cxx
<command-line>: warning: ISO C++11 requires whitespace after the macro name
/home/me/myseeder/build/CMakeFiles/CMakeTmp/src.cxx:1:16: error: ‘__cpp_concepts’ was not declared in this scope
    1 | static_assert (__cpp_concepts >= 201507);
      |                ^~~~~~~~~~~~~~
make[1]: *** [CMakeFiles/cmTC_2d3a6.dir/build.make:83: CMakeFiles/cmTC_2d3a6.dir/src.cxx.o] Error 1
make[1]: Leaving directory '/home/me/myseeder/build/CMakeFiles/CMakeTmp'
make: *** [Makefile:138: cmTC_2d3a6/fast] Error 2


Source file was:
static_assert (__cpp_concepts >= 201507);
    int main() {}
Performing C++ SOURCE FILE Test CMAKE_HAVE_LIBC_PTHREAD failed with the following output:
Change Dir: /home/me/myseeder/build/CMakeFiles/CMakeTmp

Run Build Command(s):/usr/bin/make cmTC_b07ea/fast && /usr/bin/make -f CMakeFiles/cmTC_b07ea.dir/build.make CMakeFiles/cmTC_b07ea.dir/build
make[1]: Entering directory '/home/me/myseeder/build/CMakeFiles/CMakeTmp'
Building CXX object CMakeFiles/cmTC_b07ea.dir/src.cxx.o
/usr/bin/c++   -I/home/me/myseeder/seqan3/include -I/home/me/myseeder/seqan3/submodules/sdsl-lite/include -I/home/me/myseeder/seqan3/submodules/range-v3/include -I/home/me/myseeder/seqan3/submodules/cereal/include  -DCMAKE_HAVE_LIBC_PTHREAD  -std=c++17 -fconcepts   -o CMakeFiles/cmTC_b07ea.dir/src.cxx.o -c /home/me/myseeder/build/CMakeFiles/CMakeTmp/src.cxx
Linking CXX executable cmTC_b07ea
/usr/bin/cmake -E cmake_link_script CMakeFiles/cmTC_b07ea.dir/link.txt --verbose=1
/usr/bin/c++   -DCMAKE_HAVE_LIBC_PTHREAD  -std=c++17 -fconcepts    CMakeFiles/cmTC_b07ea.dir/src.cxx.o  -o cmTC_b07ea 
/usr/bin/ld: CMakeFiles/cmTC_b07ea.dir/src.cxx.o: in function `main':
src.cxx:(.text+0x3e): undefined reference to `pthread_create'
/usr/bin/ld: src.cxx:(.text+0x4a): undefined reference to `pthread_detach'
/usr/bin/ld: src.cxx:(.text+0x56): undefined reference to `pthread_cancel'
/usr/bin/ld: src.cxx:(.text+0x67): undefined reference to `pthread_join'
collect2: error: ld returned 1 exit status
make[1]: *** [CMakeFiles/cmTC_b07ea.dir/build.make:104: cmTC_b07ea] Error 1
make[1]: Leaving directory '/home/me/myseeder/build/CMakeFiles/CMakeTmp'
make: *** [Makefile:138: cmTC_b07ea/fast] Error 2


Source file was:
#include <pthread.h>

void* test_func(void* data)
{
  return data;
}

int main(void)
{
  pthread_t thread;
  pthread_create(&thread, NULL, test_func, NULL);
  pthread_detach(thread);
  pthread_cancel(thread);
  pthread_join(thread, NULL);
  pthread_atfork(NULL, NULL, NULL);
  pthread_exit(NULL);

  return 0;
}

Determining if the include file lemon/config.h exists failed with the following output:
Change Dir: /home/me/myseeder/build/CMakeFiles/CMakeTmp

Run Build Command(s):/usr/bin/make cmTC_e5cac/fast && /usr/bin/make -f CMakeFiles/cmTC_e5cac.dir/build.make CMakeFiles/cmTC_e5cac.dir/build
make[1]: Entering directory '/home/me/myseeder/build/CMakeFiles/CMakeTmp'
Building CXX object CMakeFiles/cmTC_e5cac.dir/CheckIncludeFile.cxx.o
/usr/bin/c++   -I/home/me/myseeder/seqan3/include -I/home/me/myseeder/seqan3/submodules/sdsl-lite/include -I/home/me/myseeder/seqan3/submodules/range-v3/include -I/home/me/myseeder/seqan3/submodules/cereal/include  -std=c++17 -fconcepts   -o CMakeFiles/cmTC_e5cac.dir/CheckIncludeFile.cxx.o -c /home/me/myseeder/build/CMakeFiles/CMakeTmp/CheckIncludeFile.cxx
/home/me/myseeder/build/CMakeFiles/CMakeTmp/CheckIncludeFile.cxx:1:10: fatal error: lemon/config.h: No such file or directory
    1 | #include <lemon/config.h>
      |          ^~~~~~~~~~~~~~~~
compilation terminated.
make[1]: *** [CMakeFiles/cmTC_e5cac.dir/build.make:83: CMakeFiles/cmTC_e5cac.dir/CheckIncludeFile.cxx.o] Error 1
make[1]: Leaving directory '/home/me/myseeder/build/CMakeFiles/CMakeTmp'
make: *** [Makefile:138: cmTC_e5cac/fast] Error 2



Performing C++ SOURCE FILE Test CONCEPTS_FLAG-std=c++20 failed with the following output:
Change Dir: /home/me/myseeder/build/CMakeFiles/CMakeTmp

Run Build Command(s):/usr/bin/make cmTC_123dc/fast && /usr/bin/make -f CMakeFiles/cmTC_123dc.dir/build.make CMakeFiles/cmTC_123dc.dir/build
make[1]: Entering directory '/home/me/myseeder/build/CMakeFiles/CMakeTmp'
Building CXX object CMakeFiles/cmTC_123dc.dir/src.cxx.o
/usr/bin/c++   -I/home/me/myseeder/seqan3/include -I/home/me/myseeder/seqan3/submodules/sdsl-lite/include -I/home/me/myseeder/seqan3/submodules/range-v3/include -I/home/me/myseeder/seqan3/submodules/cereal/include  -DCONCEPTS_FLAG-std=c++20  -std=c++17 -std=c++20   -o CMakeFiles/cmTC_123dc.dir/src.cxx.o -c /home/me/myseeder/build/CMakeFiles/CMakeTmp/src.cxx
c++: error: unrecognized command line option ‘-std=c++20’; did you mean ‘-std=c++2a’?
make[1]: *** [CMakeFiles/cmTC_123dc.dir/build.make:83: CMakeFiles/cmTC_123dc.dir/src.cxx.o] Error 1
make[1]: Leaving directory '/home/me/myseeder/build/CMakeFiles/CMakeTmp'
make: *** [Makefile:138: cmTC_123dc/fast] Error 2


Source file was:
static_assert (__cpp_concepts >= 201507);
    int main() {}
Performing C++ SOURCE FILE Test CONCEPTS_FLAG-std=c++2a failed with the following output:
Change Dir: /home/me/myseeder/build/CMakeFiles/CMakeTmp

Run Build Command(s):/usr/bin/make cmTC_15dfc/fast && /usr/bin/make -f CMakeFiles/cmTC_15dfc.dir/build.make CMakeFiles/cmTC_15dfc.dir/build
make[1]: Entering directory '/home/me/myseeder/build/CMakeFiles/CMakeTmp'
Building CXX object CMakeFiles/cmTC_15dfc.dir/src.cxx.o
/usr/bin/c++   -I/home/me/myseeder/seqan3/include -I/home/me/myseeder/seqan3/submodules/sdsl-lite/include -I/home/me/myseeder/seqan3/submodules/range-v3/include -I/home/me/myseeder/seqan3/submodules/cereal/include  -DCONCEPTS_FLAG-std=c++2a  -std=c++17 -std=c++2a   -o CMakeFiles/cmTC_15dfc.dir/src.cxx.o -c /home/me/myseeder/build/CMakeFiles/CMakeTmp/src.cxx
<command-line>: warning: ISO C++11 requires whitespace after the macro name
/home/me/myseeder/build/CMakeFiles/CMakeTmp/src.cxx:1:16: error: ‘__cpp_concepts’ was not declared in this scope
    1 | static_assert (__cpp_concepts >= 201507);
      |                ^~~~~~~~~~~~~~
make[1]: *** [CMakeFiles/cmTC_15dfc.dir/build.make:83: CMakeFiles/cmTC_15dfc.dir/src.cxx.o] Error 1
make[1]: Leaving directory '/home/me/myseeder/build/CMakeFiles/CMakeTmp'
make: *** [Makefile:138: cmTC_15dfc/fast] Error 2


Source file was:
static_assert (__cpp_concepts >= 201507);
    int main() {}
Performing C++ SOURCE FILE Test CONCEPTS_FLAG-std=c++20 failed with the following output:
Change Dir: /home/me/myseeder/build/CMakeFiles/CMakeTmp

Run Build Command(s):/usr/bin/make cmTC_3f8a2/fast && /usr/bin/make -f CMakeFiles/cmTC_3f8a2.dir/build.make CMakeFiles/cmTC_3f8a2.dir/build
make[1]: Entering directory '/home/me/myseeder/build/CMakeFiles/CMakeTmp'
Building CXX object CMakeFiles/cmTC_3f8a2.dir/src.cxx.o
/usr/bin/c++   -I/home/me/myseeder/seqan3/include -I/home/me/myseeder/seqan3/submodules/sdsl-lite/include -I/home/me/myseeder/seqan3/submodules/range-v3/include -I/home/me/myseeder/seqan3/submodules/cereal/include  -DCONCEPTS_FLAG-std=c++20  -std=c++17 -std=c++20   -o CMakeFiles/cmTC_3f8a2.dir/src.cxx.o -c /home/me/myseeder/build/CMakeFiles/CMakeTmp/src.cxx
c++: error: unrecognized command line option ‘-std=c++20’; did you mean ‘-std=c++2a’?
make[1]: *** [CMakeFiles/cmTC_3f8a2.dir/build.make:83: CMakeFiles/cmTC_3f8a2.dir/src.cxx.o] Error 1
make[1]: Leaving directory '/home/me/myseeder/build/CMakeFiles/CMakeTmp'
make: *** [Makefile:138: cmTC_3f8a2/fast] Error 2


Source file was:
static_assert (__cpp_concepts >= 201507);
    int main() {}
Performing C++ SOURCE FILE Test CONCEPTS_FLAG-std=c++2a failed with the following output:
Change Dir: /home/me/myseeder/build/CMakeFiles/CMakeTmp

Run Build Command(s):/usr/bin/make cmTC_ad717/fast && /usr/bin/make -f CMakeFiles/cmTC_ad717.dir/build.make CMakeFiles/cmTC_ad717.dir/build
make[1]: Entering directory '/home/me/myseeder/build/CMakeFiles/CMakeTmp'
Building CXX object CMakeFiles/cmTC_ad717.dir/src.cxx.o
/usr/bin/c++   -I/home/me/myseeder/seqan3/include -I/home/me/myseeder/seqan3/submodules/sdsl-lite/include -I/home/me/myseeder/seqan3/submodules/range-v3/include -I/home/me/myseeder/seqan3/submodules/cereal/include  -DCONCEPTS_FLAG-std=c++2a  -std=c++17 -std=c++2a   -o CMakeFiles/cmTC_ad717.dir/src.cxx.o -c /home/me/myseeder/build/CMakeFiles/CMakeTmp/src.cxx
<command-line>: warning: ISO C++11 requires whitespace after the macro name
/home/me/myseeder/build/CMakeFiles/CMakeTmp/src.cxx:1:16: error: ‘__cpp_concepts’ was not declared in this scope
    1 | static_assert (__cpp_concepts >= 201507);
      |                ^~~~~~~~~~~~~~
make[1]: *** [CMakeFiles/cmTC_ad717.dir/build.make:83: CMakeFiles/cmTC_ad717.dir/src.cxx.o] Error 1
make[1]: Leaving directory '/home/me/myseeder/build/CMakeFiles/CMakeTmp'
make: *** [Makefile:138: cmTC_ad717/fast] Error 2


Source file was:
static_assert (__cpp_concepts >= 201507);
    int main() {}
Performing C++ SOURCE FILE Test CONCEPTS_FLAG-std=c++20 failed with the following output:
Change Dir: /home/me/myseeder/build/CMakeFiles/CMakeTmp

Run Build Command(s):/usr/bin/make cmTC_ceb7c/fast && /usr/bin/make -f CMakeFiles/cmTC_ceb7c.dir/build.make CMakeFiles/cmTC_ceb7c.dir/build
make[1]: Entering directory '/home/me/myseeder/build/CMakeFiles/CMakeTmp'
Building CXX object CMakeFiles/cmTC_ceb7c.dir/src.cxx.o
/usr/bin/c++   -I/home/me/myseeder/seqan3/include -I/home/me/myseeder/seqan3/submodules/sdsl-lite/include -I/home/me/myseeder/seqan3/submodules/range-v3/include -I/home/me/myseeder/seqan3/submodules/cereal/include  -DCONCEPTS_FLAG-std=c++20  -std=c++17 -std=c++20   -o CMakeFiles/cmTC_ceb7c.dir/src.cxx.o -c /home/me/myseeder/build/CMakeFiles/CMakeTmp/src.cxx
c++: error: unrecognized command line option ‘-std=c++20’; did you mean ‘-std=c++2a’?
make[1]: *** [CMakeFiles/cmTC_ceb7c.dir/build.make:83: CMakeFiles/cmTC_ceb7c.dir/src.cxx.o] Error 1
make[1]: Leaving directory '/home/me/myseeder/build/CMakeFiles/CMakeTmp'
make: *** [Makefile:138: cmTC_ceb7c/fast] Error 2


Source file was:
static_assert (__cpp_concepts >= 201507);
    int main() {}
Performing C++ SOURCE FILE Test CONCEPTS_FLAG-std=c++2a failed with the following output:
Change Dir: /home/me/myseeder/build/CMakeFiles/CMakeTmp

Run Build Command(s):/usr/bin/make cmTC_c76c7/fast && /usr/bin/make -f CMakeFiles/cmTC_c76c7.dir/build.make CMakeFiles/cmTC_c76c7.dir/build
make[1]: Entering directory '/home/me/myseeder/build/CMakeFiles/CMakeTmp'
Building CXX object CMakeFiles/cmTC_c76c7.dir/src.cxx.o
/usr/bin/c++   -I/home/me/myseeder/seqan3/include -I/home/me/myseeder/seqan3/submodules/sdsl-lite/include -I/home/me/myseeder/seqan3/submodules/range-v3/include -I/home/me/myseeder/seqan3/submodules/cereal/include  -DCONCEPTS_FLAG-std=c++2a  -std=c++17 -std=c++2a   -o CMakeFiles/cmTC_c76c7.dir/src.cxx.o -c /home/me/myseeder/build/CMakeFiles/CMakeTmp/src.cxx
<command-line>: warning: ISO C++11 requires whitespace after the macro name
/home/me/myseeder/build/CMakeFiles/CMakeTmp/src.cxx:1:16: error: ‘__cpp_concepts’ was not declared in this scope
    1 | static_assert (__cpp_concepts >= 201507);
      |                ^~~~~~~~~~~~~~
make[1]: *** [CMakeFiles/cmTC_c76c7.dir/build.make:83: CMakeFiles/cmTC_c76c7.dir/src.cxx.o] Error 1
make[1]: Leaving directory '/home/me/myseeder/build/CMakeFiles/CMakeTmp'
make: *** [Makefile:138: cmTC_c76c7/fast] Error 2


Source file was:
static_assert (__cpp_concepts >= 201507);
    int main() {}
Performing C++ SOURCE FILE Test CONCEPTS_FLAG-std=c++20 failed with the following output:
Change Dir: /home/me/myseeder/build/CMakeFiles/CMakeTmp

Run Build Command(s):/usr/bin/make cmTC_6c316/fast && /usr/bin/make -f CMakeFiles/cmTC_6c316.dir/build.make CMakeFiles/cmTC_6c316.dir/build
make[1]: Entering directory '/home/me/myseeder/build/CMakeFiles/CMakeTmp'
Building CXX object CMakeFiles/cmTC_6c316.dir/src.cxx.o
/usr/bin/c++   -I/home/me/myseeder/seqan3/include -I/home/me/myseeder/seqan3/submodules/sdsl-lite/include -I/home/me/myseeder/seqan3/submodules/range-v3/include -I/home/me/myseeder/seqan3/submodules/cereal/include  -DCONCEPTS_FLAG-std=c++20  -std=c++17 -std=c++20   -o CMakeFiles/cmTC_6c316.dir/src.cxx.o -c /home/me/myseeder/build/CMakeFiles/CMakeTmp/src.cxx
c++: error: unrecognized command line option ‘-std=c++20’; did you mean ‘-std=c++2a’?
make[1]: *** [CMakeFiles/cmTC_6c316.dir/build.make:83: CMakeFiles/cmTC_6c316.dir/src.cxx.o] Error 1
make[1]: Leaving directory '/home/me/myseeder/build/CMakeFiles/CMakeTmp'
make: *** [Makefile:138: cmTC_6c316/fast] Error 2


Source file was:
static_assert (__cpp_concepts >= 201507);
    int main() {}
Performing C++ SOURCE FILE Test CONCEPTS_FLAG-std=c++2a failed with the following output:
Change Dir: /home/me/myseeder/build/CMakeFiles/CMakeTmp

Run Build Command(s):/usr/bin/make cmTC_0b908/fast && /usr/bin/make -f CMakeFiles/cmTC_0b908.dir/build.make CMakeFiles/cmTC_0b908.dir/build
make[1]: Entering directory '/home/me/myseeder/build/CMakeFiles/CMakeTmp'
Building CXX object CMakeFiles/cmTC_0b908.dir/src.cxx.o
/usr/bin/c++   -I/home/me/myseeder/seqan3/include -I/home/me/myseeder/seqan3/submodules/sdsl-lite/include -I/home/me/myseeder/seqan3/submodules/range-v3/include -I/home/me/myseeder/seqan3/submodules/cereal/include  -DCONCEPTS_FLAG-std=c++2a  -std=c++17 -std=c++2a   -o CMakeFiles/cmTC_0b908.dir/src.cxx.o -c /home/me/myseeder/build/CMakeFiles/CMakeTmp/src.cxx
<command-line>: warning: ISO C++11 requires whitespace after the macro name
/home/me/myseeder/build/CMakeFiles/CMakeTmp/src.cxx:1:16: error: ‘__cpp_concepts’ was not declared in this scope
    1 | static_assert (__cpp_concepts >= 201507);
      |                ^~~~~~~~~~~~~~
make[1]: *** [CMakeFiles/cmTC_0b908.dir/build.make:83: CMakeFiles/cmTC_0b908.dir/src.cxx.o] Error 1
make[1]: Leaving directory '/home/me/myseeder/build/CMakeFiles/CMakeTmp'
make: *** [Makefile:138: cmTC_0b908/fast] Error 2


Source file was:
static_assert (__cpp_concepts >= 201507);
    int main() {}
Performing C++ SOURCE FILE Test CONCEPTS_FLAG-std=c++20 failed with the following output:
Change Dir: /home/me/myseeder/build/CMakeFiles/CMakeTmp

Run Build Command(s):/usr/bin/make cmTC_74e2c/fast && /usr/bin/make -f CMakeFiles/cmTC_74e2c.dir/build.make CMakeFiles/cmTC_74e2c.dir/build
make[1]: Entering directory '/home/me/myseeder/build/CMakeFiles/CMakeTmp'
Building CXX object CMakeFiles/cmTC_74e2c.dir/src.cxx.o
/usr/bin/c++   -I/home/me/myseeder/seqan3/include -I/home/me/myseeder/seqan3/submodules/sdsl-lite/include -I/home/me/myseeder/seqan3/submodules/range-v3/include -I/home/me/myseeder/seqan3/submodules/cereal/include  -DCONCEPTS_FLAG-std=c++20  -std=c++17 -std=c++20   -o CMakeFiles/cmTC_74e2c.dir/src.cxx.o -c /home/me/myseeder/build/CMakeFiles/CMakeTmp/src.cxx
c++: error: unrecognized command line option ‘-std=c++20’; did you mean ‘-std=c++2a’?
make[1]: *** [CMakeFiles/cmTC_74e2c.dir/build.make:83: CMakeFiles/cmTC_74e2c.dir/src.cxx.o] Error 1
make[1]: Leaving directory '/home/me/myseeder/build/CMakeFiles/CMakeTmp'
make: *** [Makefile:138: cmTC_74e2c/fast] Error 2


Source file was:
static_assert (__cpp_concepts >= 201507);
    int main() {}
Performing C++ SOURCE FILE Test CONCEPTS_FLAG-std=c++2a failed with the following output:
Change Dir: /home/me/myseeder/build/CMakeFiles/CMakeTmp

Run Build Command(s):/usr/bin/make cmTC_45d29/fast && /usr/bin/make -f CMakeFiles/cmTC_45d29.dir/build.make CMakeFiles/cmTC_45d29.dir/build
make[1]: Entering directory '/home/me/myseeder/build/CMakeFiles/CMakeTmp'
Building CXX object CMakeFiles/cmTC_45d29.dir/src.cxx.o
/usr/bin/c++   -I/home/me/myseeder/seqan3/include -I/home/me/myseeder/seqan3/submodules/sdsl-lite/include -I/home/me/myseeder/seqan3/submodules/range-v3/include -I/home/me/myseeder/seqan3/submodules/cereal/include  -DCONCEPTS_FLAG-std=c++2a  -std=c++17 -std=c++2a   -o CMakeFiles/cmTC_45d29.dir/src.cxx.o -c /home/me/myseeder/build/CMakeFiles/CMakeTmp/src.cxx
<command-line>: warning: ISO C++11 requires whitespace after the macro name
/home/me/myseeder/build/CMakeFiles/CMakeTmp/src.cxx:1:16: error: ‘__cpp_concepts’ was not declared in this scope
    1 | static_assert (__cpp_concepts >= 201507);
      |                ^~~~~~~~~~~~~~
make[1]: *** [CMakeFiles/cmTC_45d29.dir/build.make:83: CMakeFiles/cmTC_45d29.dir/src.cxx.o] Error 1
make[1]: Leaving directory '/home/me/myseeder/build/CMakeFiles/CMakeTmp'
make: *** [Makefile:138: cmTC_45d29/fast] Error 2


Source file was:
static_assert (__cpp_concepts >= 201507);
    int main() {}
Performing C++ SOURCE FILE Test CONCEPTS_FLAG-std=c++20 failed with the following output:
Change Dir: /home/me/myseeder/build/CMakeFiles/CMakeTmp

Run Build Command(s):/usr/bin/make cmTC_a0420/fast && /usr/bin/make -f CMakeFiles/cmTC_a0420.dir/build.make CMakeFiles/cmTC_a0420.dir/build
make[1]: Entering directory '/home/me/myseeder/build/CMakeFiles/CMakeTmp'
Building CXX object CMakeFiles/cmTC_a0420.dir/src.cxx.o
/usr/bin/c++   -I/home/me/myseeder/seqan3/include -I/home/me/myseeder/seqan3/submodules/sdsl-lite/include -I/home/me/myseeder/seqan3/submodules/range-v3/include -I/home/me/myseeder/seqan3/submodules/cereal/include  -DCONCEPTS_FLAG-std=c++20  -std=c++17 -std=c++20   -o CMakeFiles/cmTC_a0420.dir/src.cxx.o -c /home/me/myseeder/build/CMakeFiles/CMakeTmp/src.cxx
c++: error: unrecognized command line option ‘-std=c++20’; did you mean ‘-std=c++2a’?
make[1]: *** [CMakeFiles/cmTC_a0420.dir/build.make:83: CMakeFiles/cmTC_a0420.dir/src.cxx.o] Error 1
make[1]: Leaving directory '/home/me/myseeder/build/CMakeFiles/CMakeTmp'
make: *** [Makefile:138: cmTC_a0420/fast] Error 2


Source file was:
static_assert (__cpp_concepts >= 201507);
    int main() {}
Performing C++ SOURCE FILE Test CONCEPTS_FLAG-std=c++2a failed with the following output:
Change Dir: /home/me/myseeder/build/CMakeFiles/CMakeTmp

Run Build Command(s):/usr/bin/make cmTC_96b30/fast && /usr/bin/make -f CMakeFiles/cmTC_96b30.dir/build.make CMakeFiles/cmTC_96b30.dir/build
make[1]: Entering directory '/home/me/myseeder/build/CMakeFiles/CMakeTmp'
Building CXX object CMakeFiles/cmTC_96b30.dir/src.cxx.o
/usr/bin/c++   -I/home/me/myseeder/seqan3/include -I/home/me/myseeder/seqan3/submodules/sdsl-lite/include -I/home/me/myseeder/seqan3/submodules/range-v3/include -I/home/me/myseeder/seqan3/submodules/cereal/include  -DCONCEPTS_FLAG-std=c++2a  -std=c++17 -std=c++2a   -o CMakeFiles/cmTC_96b30.dir/src.cxx.o -c /home/me/myseeder/build/CMakeFiles/CMakeTmp/src.cxx
<command-line>: warning: ISO C++11 requires whitespace after the macro name
/home/me/myseeder/build/CMakeFiles/CMakeTmp/src.cxx:1:16: error: ‘__cpp_concepts’ was not declared in this scope
    1 | static_assert (__cpp_concepts >= 201507);
      |                ^~~~~~~~~~~~~~
make[1]: *** [CMakeFiles/cmTC_96b30.dir/build.make:83: CMakeFiles/cmTC_96b30.dir/src.cxx.o] Error 1
make[1]: Leaving directory '/home/me/myseeder/build/CMakeFiles/CMakeTmp'
make: *** [Makefile:138: cmTC_96b30/fast] Error 2


Source file was:
static_assert (__cpp_concepts >= 201507);
    int main() {}
Performing C++ SOURCE FILE Test CONCEPTS_FLAG-std=c++20 failed with the following output:
Change Dir: /home/me/myseeder/build/CMakeFiles/CMakeTmp

Run Build Command(s):/usr/bin/make cmTC_1556a/fast && /usr/bin/make -f CMakeFiles/cmTC_1556a.dir/build.make CMakeFiles/cmTC_1556a.dir/build
make[1]: Entering directory '/home/me/myseeder/build/CMakeFiles/CMakeTmp'
Building CXX object CMakeFiles/cmTC_1556a.dir/src.cxx.o
/usr/bin/c++   -I/home/me/myseeder/seqan3/include -I/home/me/myseeder/seqan3/submodules/sdsl-lite/include -I/home/me/myseeder/seqan3/submodules/range-v3/include -I/home/me/myseeder/seqan3/submodules/cereal/include  -DCONCEPTS_FLAG-std=c++20  -std=c++17 -std=c++20   -o CMakeFiles/cmTC_1556a.dir/src.cxx.o -c /home/me/myseeder/build/CMakeFiles/CMakeTmp/src.cxx
c++: error: unrecognized command line option ‘-std=c++20’; did you mean ‘-std=c++2a’?
make[1]: *** [CMakeFiles/cmTC_1556a.dir/build.make:83: CMakeFiles/cmTC_1556a.dir/src.cxx.o] Error 1
make[1]: Leaving directory '/home/me/myseeder/build/CMakeFiles/CMakeTmp'
make: *** [Makefile:138: cmTC_1556a/fast] Error 2


Source file was:
static_assert (__cpp_concepts >= 201507);
    int main() {}
Performing C++ SOURCE FILE Test CONCEPTS_FLAG-std=c++2a failed with the following output:
Change Dir: /home/me/myseeder/build/CMakeFiles/CMakeTmp

Run Build Command(s):/usr/bin/make cmTC_48568/fast && /usr/bin/make -f CMakeFiles/cmTC_48568.dir/build.make CMakeFiles/cmTC_48568.dir/build
make[1]: Entering directory '/home/me/myseeder/build/CMakeFiles/CMakeTmp'
Building CXX object CMakeFiles/cmTC_48568.dir/src.cxx.o
/usr/bin/c++   -I/home/me/myseeder/seqan3/include -I/home/me/myseeder/seqan3/submodules/sdsl-lite/include -I/home/me/myseeder/seqan3/submodules/range-v3/include -I/home/me/myseeder/seqan3/submodules/cereal/include  -DCONCEPTS_FLAG-std=c++2a  -std=c++17 -std=c++2a   -o CMakeFiles/cmTC_48568.dir/src.cxx.o -c /home/me/myseeder/build/CMakeFiles/CMakeTmp/src.cxx
<command-line>: warning: ISO C++11 requires whitespace after the macro name
/home/me/myseeder/build/CMakeFiles/CMakeTmp/src.cxx:1:16: error: ‘__cpp_concepts’ was not declared in this scope
    1 | static_assert (__cpp_concepts >= 201507);
      |                ^~~~~~~~~~~~~~
make[1]: *** [CMakeFiles/cmTC_48568.dir/build.make:83: CMakeFiles/cmTC_48568.dir/src.cxx.o] Error 1
make[1]: Leaving directory '/home/me/myseeder/build/CMakeFiles/CMakeTmp'
make: *** [Makefile:138: cmTC_48568/fast] Error 2


Source file was:
static_assert (__cpp_concepts >= 201507);
    int main() {}
Performing C++ SOURCE FILE Test CONCEPTS_FLAG-std=c++20 failed with the following output:
Change Dir: /home/me/myseeder/build/CMakeFiles/CMakeTmp

Run Build Command(s):/usr/bin/make cmTC_6e104/fast && /usr/bin/make -f CMakeFiles/cmTC_6e104.dir/build.make CMakeFiles/cmTC_6e104.dir/build
make[1]: Entering directory '/home/me/myseeder/build/CMakeFiles/CMakeTmp'
Building CXX object CMakeFiles/cmTC_6e104.dir/src.cxx.o
/usr/bin/c++   -I/home/me/myseeder/seqan3/include -I/home/me/myseeder/seqan3/submodules/sdsl-lite/include -I/home/me/myseeder/seqan3/submodules/range-v3/include -I/home/me/myseeder/seqan3/submodules/cereal/include  -DCONCEPTS_FLAG-std=c++20  -std=c++17 -std=c++20   -o CMakeFiles/cmTC_6e104.dir/src.cxx.o -c /home/me/myseeder/build/CMakeFiles/CMakeTmp/src.cxx
c++: error: unrecognized command line option ‘-std=c++20’; did you mean ‘-std=c++2a’?
make[1]: *** [CMakeFiles/cmTC_6e104.dir/build.make:83: CMakeFiles/cmTC_6e104.dir/src.cxx.o] Error 1
make[1]: Leaving directory '/home/me/myseeder/build/CMakeFiles/CMakeTmp'
make: *** [Makefile:138: cmTC_6e104/fast] Error 2


Source file was:
static_assert (__cpp_concepts >= 201507);
    int main() {}
Performing C++ SOURCE FILE Test CONCEPTS_FLAG-std=c++2a failed with the following output:
Change Dir: /home/me/myseeder/build/CMakeFiles/CMakeTmp

Run Build Command(s):/usr/bin/make cmTC_afc4a/fast && /usr/bin/make -f CMakeFiles/cmTC_afc4a.dir/build.make CMakeFiles/cmTC_afc4a.dir/build
make[1]: Entering directory '/home/me/myseeder/build/CMakeFiles/CMakeTmp'
Building CXX object CMakeFiles/cmTC_afc4a.dir/src.cxx.o
/usr/bin/c++   -I/home/me/myseeder/seqan3/include -I/home/me/myseeder/seqan3/submodules/sdsl-lite/include -I/home/me/myseeder/seqan3/submodules/range-v3/include -I/home/me/myseeder/seqan3/submodules/cereal/include  -DCONCEPTS_FLAG-std=c++2a  -std=c++17 -std=c++2a   -o CMakeFiles/cmTC_afc4a.dir/src.cxx.o -c /home/me/myseeder/build/CMakeFiles/CMakeTmp/src.cxx
<command-line>: warning: ISO C++11 requires whitespace after the macro name
/home/me/myseeder/build/CMakeFiles/CMakeTmp/src.cxx:1:16: error: ‘__cpp_concepts’ was not declared in this scope
    1 | static_assert (__cpp_concepts >= 201507);
      |                ^~~~~~~~~~~~~~
make[1]: *** [CMakeFiles/cmTC_afc4a.dir/build.make:83: CMakeFiles/cmTC_afc4a.dir/src.cxx.o] Error 1
make[1]: Leaving directory '/home/me/myseeder/build/CMakeFiles/CMakeTmp'
make: *** [Makefile:138: cmTC_afc4a/fast] Error 2


Source file was:
static_assert (__cpp_concepts >= 201507);
    int main() {}
